TO4E=124
TX9=512
TX0P=FH
SV2ASP/A=180
3Y0X=199
DT8A=241
KJ6BZ=KH3
TX5T=FH
TX5NK=FH
VP8SGK=235
VK9AA=38
LZ0A=241
DP0GVN=13
9M4SDX=247
DX0JP=247
HL8KSJ=241
CE9/R7C=13
KC4/R7C=13
LU2ERA/Z=238
VP8DJU=238
VP8DJV=238
VP8DKG=238
TO6T=FG
N8S=515
3D2AG/P=460
LZ07KM=212
4N6IOTA=514
K8O=009
8N1OGA=192
K8T=009
4N9W=514
K7C=138
4N6/YU7EU=514
K9V=285
N8Z=285
K3J=123
K1B=020
XV2G/C=293
9M4SEB=046
AY0N/X=100
2A/DJ6AU=279
TX3SAM=162
TO5FJ=516
ZL=170
LU=100
3D2=176
CE=112
HK=116
VK=150
ZS=462
BV=386
VK9N=189
VK9L=147
VK9X=035
VK9C=038
VK9M=171
VK9N=189
VK9W=303
HC=120
EA=281
FK=162
OH=224
KG4=105
K=291
I=248
F=227
G=225
TO8S=079
YV=148
SV=236
SV2=236
XE=050
KH8=009
ZL=170
VU=324
TI=308
KH=110
;VP=000
KH5=197
TI=308
CE=112
LU1ZA=238
3Y0E=024
3Y0X=199
K5K=134
VK0JLX=013
VK0MT=153
VK0IR=111
VK0DX=013
VK0AVT=153
PY=108
;CE0=000
;VK9=000
K5D=KP5
TX5SPA=508
3D20CR=489
TO7RJ=169
CX=144
VP8ORK=238
HK0NA=161